2021-04-28 17:33:18 [127.0.0.1][-][-][error][yii\web\HttpException:404] yii\web\NotFoundHttpException: Page not found. in C:\Users\admin\Desktop\OpenServer\domains\restapi\vendor\yiisoft\yii2\web\Request.php:293
Stack trace:
#0 C:\Users\admin\Desktop\OpenServer\domains\restapi\vendor\yiisoft\yii2\web\Application.php(83): yii\web\Request->resolve()
#1 C:\Users\admin\Desktop\OpenServer\domains\restapi\vendor\yiisoft\yii2\base\Application.php(392): yii\web\Application->handleRequest(Object(yii\web\Request))
#2 C:\Users\admin\Desktop\OpenServer\domains\restapi\frontend\web\index.php(17): yii\base\Application->run()
#3 {main}
2021-04-28 17:33:17 [127.0.0.1][-][-][info][application] $_GET = []

$_POST = []

$_FILES = []

$_COOKIE = [
    'advanced-frontend' => 'lkivam5ljjgf1jpvch8vd6otjbk856jl'
    '_csrf-frontend' => '376d335509183174101254955f9869783af9b64422f2795d4fa8036e4fc1621fa:2:{i:0;s:14:\"_csrf-frontend\";i:1;s:32:\"U21ELWRfdGhY66At47xp1F0N-3CUkKeT\";}'
]

$_SESSION = [
    '__flash' => []
]

$_SERVER = [
    'REDIRECT_STATUS' => '200'
    'HTTP_HOST' => 'restapi'
    'HTTP_CONNECTION' => 'keep-alive'
    'HTTP_UPGRADE_INSECURE_REQUESTS' => '1'
    'HTTP_USER_AGENT' => 'Mozilla/5.0 (Windows NT 10.0; Win64; x64) AppleWebKit/537.36 (KHTML, like Gecko) Chrome/89.0.4389.128 Safari/537.36'
    'HTTP_ACCEPT' => 'text/html,application/xhtml+xml,application/xml;q=0.9,image/avif,image/webp,image/apng,*/*;q=0.8,application/signed-exchange;v=b3;q=0.9'
    'HTTP_ACCEPT_ENCODING' => 'gzip, deflate'
    'HTTP_ACCEPT_LANGUAGE' => 'ru-RU,ru;q=0.9,en-US;q=0.8,en;q=0.7'
    'HTTP_COOKIE' => 'advanced-frontend=lkivam5ljjgf1jpvch8vd6otjbk856jl; _csrf-frontend=376d335509183174101254955f9869783af9b64422f2795d4fa8036e4fc1621fa%3A2%3A%7Bi%3A0%3Bs%3A14%3A%22_csrf-frontend%22%3Bi%3A1%3Bs%3A32%3A%22U21ELWRfdGhY66At47xp1F0N-3CUkKeT%22%3B%7D'
    'PATH' => 'c:\\users\\admin\\desktop\\openserver\\modules\\php\\PHP_7.3\\ext;c:\\users\\admin\\desktop\\openserver\\modules\\php\\PHP_7.3\\pear;c:\\users\\admin\\desktop\\openserver\\modules\\php\\PHP_7.3\\pear\\bin;c:\\users\\admin\\desktop\\openserver\\modules\\php\\PHP_7.3;c:\\users\\admin\\desktop\\openserver\\modules\\wget\\bin;c:\\users\\admin\\desktop\\openserver\\modules\\database\\MySQL-8.0\\bin;c:\\users\\admin\\desktop\\openserver\\modules\\database\\PostgreSQL-12.2\\bin;c:\\users\\admin\\desktop\\openserver\\modules\\database\\PostgreSQL-12.2\\lib;c:\\users\\admin\\desktop\\openserver\\modules\\http\\Apache_2.4-PHP_7.2-7.4\\bin;c:\\users\\admin\\desktop\\openserver\\modules\\http\\Apache_2.4-PHP_7.2-7.4;C:\\Windows\\system32;C:\\Windows;C:\\Windows\\system32\\Wbem;C:\\Windows\\SysWOW64;C:\\Windows\\system32;C:\\Windows;C:\\Windows\\System32\\Wbem;C:\\Windows\\System32\\WindowsPowerShell\\v1.0\\;C:\\Windows\\System32\\OpenSSH\\;C:\\Program Files (x86)\\HP\\Common\\HPDestPlgIn\\;C:\\Program Files (x86)\\HP\\IdrsOCR_15.3.1129.0\\;C:\\Program Files\\PuTTY\\;C:\\Program Files (x86)\\Microsoft SQL Server\\150\\DTS\\Binn\\;C:\\Program Files\\Azure Data Studio\\bin;C:\\Program Files\\Git\\cmd;C:\\Users\\admin\\AppData\\Local\\Microsoft\\WindowsApps;C:\\Users\\admin\\AppData\\Local\\Programs\\Microsoft VS Code\\bin'
    'SystemRoot' => 'C:\\Windows'
    'COMSPEC' => 'C:\\Windows\\system32\\cmd.exe'
    'PATHEXT' => '.COM;.EXE;.BAT;.CMD;.VBS;.VBE;.JS;.JSE;.WSF;.WSH;.MSC'
    'WINDIR' => 'C:\\Windows'
    'SERVER_SIGNATURE' => ''
    'SERVER_SOFTWARE' => 'Apache'
    'SERVER_NAME' => 'restapi'
    'SERVER_ADDR' => '127.0.0.1'
    'SERVER_PORT' => '80'
    'REMOTE_ADDR' => '127.0.0.1'
    'DOCUMENT_ROOT' => 'C:/Users/admin/Desktop/OpenServer/domains/restapi'
    'REQUEST_SCHEME' => 'http'
    'CONTEXT_PREFIX' => ''
    'CONTEXT_DOCUMENT_ROOT' => 'C:/Users/admin/Desktop/OpenServer/domains/restapi'
    'SERVER_ADMIN' => '[no address given]'
    'SCRIPT_FILENAME' => 'C:/Users/admin/Desktop/OpenServer/domains/restapi/frontend/web/index.php'
    'REMOTE_PORT' => '50692'
    'REDIRECT_URL' => '/'
    'GATEWAY_INTERFACE' => 'CGI/1.1'
    'SERVER_PROTOCOL' => 'HTTP/1.1'
    'REQUEST_METHOD' => 'GET'
    'QUERY_STRING' => ''
    'REQUEST_URI' => '/'
    'SCRIPT_NAME' => '/frontend/web/index.php'
    'PHP_SELF' => '/frontend/web/index.php'
    'REQUEST_TIME_FLOAT' => 1619620397.9786
    'REQUEST_TIME' => 1619620397
    'argv' => []
    'argc' => 0
]
2021-04-28 17:34:05 [127.0.0.1][-][-][error][yii\web\HttpException:404] yii\web\NotFoundHttpException: Page not found. in C:\Users\admin\Desktop\OpenServer\domains\restapi\vendor\yiisoft\yii2\web\Request.php:293
Stack trace:
#0 C:\Users\admin\Desktop\OpenServer\domains\restapi\vendor\yiisoft\yii2\web\Application.php(83): yii\web\Request->resolve()
#1 C:\Users\admin\Desktop\OpenServer\domains\restapi\vendor\yiisoft\yii2\base\Application.php(392): yii\web\Application->handleRequest(Object(yii\web\Request))
#2 C:\Users\admin\Desktop\OpenServer\domains\restapi\frontend\web\index.php(17): yii\base\Application->run()
#3 {main}
2021-04-28 17:34:05 [127.0.0.1][-][-][info][application] $_GET = []

$_POST = []

$_FILES = []

$_COOKIE = [
    'advanced-frontend' => 'lkivam5ljjgf1jpvch8vd6otjbk856jl'
    '_csrf-frontend' => '376d335509183174101254955f9869783af9b64422f2795d4fa8036e4fc1621fa:2:{i:0;s:14:\"_csrf-frontend\";i:1;s:32:\"U21ELWRfdGhY66At47xp1F0N-3CUkKeT\";}'
]

$_SESSION = [
    '__flash' => []
]

$_SERVER = [
    'REDIRECT_STATUS' => '200'
    'HTTP_HOST' => 'restapi'
    'HTTP_CONNECTION' => 'keep-alive'
    'HTTP_CACHE_CONTROL' => 'max-age=0'
    'HTTP_UPGRADE_INSECURE_REQUESTS' => '1'
    'HTTP_USER_AGENT' => 'Mozilla/5.0 (Windows NT 10.0; Win64; x64) AppleWebKit/537.36 (KHTML, like Gecko) Chrome/89.0.4389.128 Safari/537.36'
    'HTTP_ACCEPT' => 'text/html,application/xhtml+xml,application/xml;q=0.9,image/avif,image/webp,image/apng,*/*;q=0.8,application/signed-exchange;v=b3;q=0.9'
    'HTTP_ACCEPT_ENCODING' => 'gzip, deflate'
    'HTTP_ACCEPT_LANGUAGE' => 'ru-RU,ru;q=0.9,en-US;q=0.8,en;q=0.7'
    'HTTP_COOKIE' => 'advanced-frontend=lkivam5ljjgf1jpvch8vd6otjbk856jl; _csrf-frontend=376d335509183174101254955f9869783af9b64422f2795d4fa8036e4fc1621fa%3A2%3A%7Bi%3A0%3Bs%3A14%3A%22_csrf-frontend%22%3Bi%3A1%3Bs%3A32%3A%22U21ELWRfdGhY66At47xp1F0N-3CUkKeT%22%3B%7D'
    'PATH' => 'c:\\users\\admin\\desktop\\openserver\\modules\\php\\PHP_7.3\\ext;c:\\users\\admin\\desktop\\openserver\\modules\\php\\PHP_7.3\\pear;c:\\users\\admin\\desktop\\openserver\\modules\\php\\PHP_7.3\\pear\\bin;c:\\users\\admin\\desktop\\openserver\\modules\\php\\PHP_7.3;c:\\users\\admin\\desktop\\openserver\\modules\\wget\\bin;c:\\users\\admin\\desktop\\openserver\\modules\\database\\MySQL-8.0\\bin;c:\\users\\admin\\desktop\\openserver\\modules\\database\\PostgreSQL-12.2\\bin;c:\\users\\admin\\desktop\\openserver\\modules\\database\\PostgreSQL-12.2\\lib;c:\\users\\admin\\desktop\\openserver\\modules\\http\\Apache_2.4-PHP_7.2-7.4\\bin;c:\\users\\admin\\desktop\\openserver\\modules\\http\\Apache_2.4-PHP_7.2-7.4;C:\\Windows\\system32;C:\\Windows;C:\\Windows\\system32\\Wbem;C:\\Windows\\SysWOW64;C:\\Windows\\system32;C:\\Windows;C:\\Windows\\System32\\Wbem;C:\\Windows\\System32\\WindowsPowerShell\\v1.0\\;C:\\Windows\\System32\\OpenSSH\\;C:\\Program Files (x86)\\HP\\Common\\HPDestPlgIn\\;C:\\Program Files (x86)\\HP\\IdrsOCR_15.3.1129.0\\;C:\\Program Files\\PuTTY\\;C:\\Program Files (x86)\\Microsoft SQL Server\\150\\DTS\\Binn\\;C:\\Program Files\\Azure Data Studio\\bin;C:\\Program Files\\Git\\cmd;C:\\Users\\admin\\AppData\\Local\\Microsoft\\WindowsApps;C:\\Users\\admin\\AppData\\Local\\Programs\\Microsoft VS Code\\bin'
    'SystemRoot' => 'C:\\Windows'
    'COMSPEC' => 'C:\\Windows\\system32\\cmd.exe'
    'PATHEXT' => '.COM;.EXE;.BAT;.CMD;.VBS;.VBE;.JS;.JSE;.WSF;.WSH;.MSC'
    'WINDIR' => 'C:\\Windows'
    'SERVER_SIGNATURE' => ''
    'SERVER_SOFTWARE' => 'Apache'
    'SERVER_NAME' => 'restapi'
    'SERVER_ADDR' => '127.0.0.1'
    'SERVER_PORT' => '80'
    'REMOTE_ADDR' => '127.0.0.1'
    'DOCUMENT_ROOT' => 'C:/Users/admin/Desktop/OpenServer/domains/restapi'
    'REQUEST_SCHEME' => 'http'
    'CONTEXT_PREFIX' => ''
    'CONTEXT_DOCUMENT_ROOT' => 'C:/Users/admin/Desktop/OpenServer/domains/restapi'
    'SERVER_ADMIN' => '[no address given]'
    'SCRIPT_FILENAME' => 'C:/Users/admin/Desktop/OpenServer/domains/restapi/frontend/web/index.php'
    'REMOTE_PORT' => '50769'
    'REDIRECT_URL' => '/'
    'GATEWAY_INTERFACE' => 'CGI/1.1'
    'SERVER_PROTOCOL' => 'HTTP/1.1'
    'REQUEST_METHOD' => 'GET'
    'QUERY_STRING' => ''
    'REQUEST_URI' => '/'
    'SCRIPT_NAME' => '/frontend/web/index.php'
    'PHP_SELF' => '/frontend/web/index.php'
    'REQUEST_TIME_FLOAT' => 1619620445.1029
    'REQUEST_TIME' => 1619620445
    'argv' => []
    'argc' => 0
]
2021-04-28 17:34:06 [127.0.0.1][-][-][error][yii\web\HttpException:404] yii\web\NotFoundHttpException: Page not found. in C:\Users\admin\Desktop\OpenServer\domains\restapi\vendor\yiisoft\yii2\web\Request.php:293
Stack trace:
#0 C:\Users\admin\Desktop\OpenServer\domains\restapi\vendor\yiisoft\yii2\web\Application.php(83): yii\web\Request->resolve()
#1 C:\Users\admin\Desktop\OpenServer\domains\restapi\vendor\yiisoft\yii2\base\Application.php(392): yii\web\Application->handleRequest(Object(yii\web\Request))
#2 C:\Users\admin\Desktop\OpenServer\domains\restapi\frontend\web\index.php(17): yii\base\Application->run()
#3 {main}
2021-04-28 17:34:06 [127.0.0.1][-][-][info][application] $_GET = []

$_POST = []

$_FILES = []

$_COOKIE = [
    'advanced-frontend' => 'lkivam5ljjgf1jpvch8vd6otjbk856jl'
    '_csrf-frontend' => '376d335509183174101254955f9869783af9b64422f2795d4fa8036e4fc1621fa:2:{i:0;s:14:\"_csrf-frontend\";i:1;s:32:\"U21ELWRfdGhY66At47xp1F0N-3CUkKeT\";}'
]

$_SESSION = [
    '__flash' => []
]

$_SERVER = [
    'REDIRECT_STATUS' => '200'
    'HTTP_HOST' => 'restapi'
    'HTTP_CONNECTION' => 'keep-alive'
    'HTTP_CACHE_CONTROL' => 'max-age=0'
    'HTTP_UPGRADE_INSECURE_REQUESTS' => '1'
    'HTTP_USER_AGENT' => 'Mozilla/5.0 (Windows NT 10.0; Win64; x64) AppleWebKit/537.36 (KHTML, like Gecko) Chrome/89.0.4389.128 Safari/537.36'
    'HTTP_ACCEPT' => 'text/html,application/xhtml+xml,application/xml;q=0.9,image/avif,image/webp,image/apng,*/*;q=0.8,application/signed-exchange;v=b3;q=0.9'
    'HTTP_ACCEPT_ENCODING' => 'gzip, deflate'
    'HTTP_ACCEPT_LANGUAGE' => 'ru-RU,ru;q=0.9,en-US;q=0.8,en;q=0.7'
    'HTTP_COOKIE' => 'advanced-frontend=lkivam5ljjgf1jpvch8vd6otjbk856jl; _csrf-frontend=376d335509183174101254955f9869783af9b64422f2795d4fa8036e4fc1621fa%3A2%3A%7Bi%3A0%3Bs%3A14%3A%22_csrf-frontend%22%3Bi%3A1%3Bs%3A32%3A%22U21ELWRfdGhY66At47xp1F0N-3CUkKeT%22%3B%7D'
    'PATH' => 'c:\\users\\admin\\desktop\\openserver\\modules\\php\\PHP_7.3\\ext;c:\\users\\admin\\desktop\\openserver\\modules\\php\\PHP_7.3\\pear;c:\\users\\admin\\desktop\\openserver\\modules\\php\\PHP_7.3\\pear\\bin;c:\\users\\admin\\desktop\\openserver\\modules\\php\\PHP_7.3;c:\\users\\admin\\desktop\\openserver\\modules\\wget\\bin;c:\\users\\admin\\desktop\\openserver\\modules\\database\\MySQL-8.0\\bin;c:\\users\\admin\\desktop\\openserver\\modules\\database\\PostgreSQL-12.2\\bin;c:\\users\\admin\\desktop\\openserver\\modules\\database\\PostgreSQL-12.2\\lib;c:\\users\\admin\\desktop\\openserver\\modules\\http\\Apache_2.4-PHP_7.2-7.4\\bin;c:\\users\\admin\\desktop\\openserver\\modules\\http\\Apache_2.4-PHP_7.2-7.4;C:\\Windows\\system32;C:\\Windows;C:\\Windows\\system32\\Wbem;C:\\Windows\\SysWOW64;C:\\Windows\\system32;C:\\Windows;C:\\Windows\\System32\\Wbem;C:\\Windows\\System32\\WindowsPowerShell\\v1.0\\;C:\\Windows\\System32\\OpenSSH\\;C:\\Program Files (x86)\\HP\\Common\\HPDestPlgIn\\;C:\\Program Files (x86)\\HP\\IdrsOCR_15.3.1129.0\\;C:\\Program Files\\PuTTY\\;C:\\Program Files (x86)\\Microsoft SQL Server\\150\\DTS\\Binn\\;C:\\Program Files\\Azure Data Studio\\bin;C:\\Program Files\\Git\\cmd;C:\\Users\\admin\\AppData\\Local\\Microsoft\\WindowsApps;C:\\Users\\admin\\AppData\\Local\\Programs\\Microsoft VS Code\\bin'
    'SystemRoot' => 'C:\\Windows'
    'COMSPEC' => 'C:\\Windows\\system32\\cmd.exe'
    'PATHEXT' => '.COM;.EXE;.BAT;.CMD;.VBS;.VBE;.JS;.JSE;.WSF;.WSH;.MSC'
    'WINDIR' => 'C:\\Windows'
    'SERVER_SIGNATURE' => ''
    'SERVER_SOFTWARE' => 'Apache'
    'SERVER_NAME' => 'restapi'
    'SERVER_ADDR' => '127.0.0.1'
    'SERVER_PORT' => '80'
    'REMOTE_ADDR' => '127.0.0.1'
    'DOCUMENT_ROOT' => 'C:/Users/admin/Desktop/OpenServer/domains/restapi'
    'REQUEST_SCHEME' => 'http'
    'CONTEXT_PREFIX' => ''
    'CONTEXT_DOCUMENT_ROOT' => 'C:/Users/admin/Desktop/OpenServer/domains/restapi'
    'SERVER_ADMIN' => '[no address given]'
    'SCRIPT_FILENAME' => 'C:/Users/admin/Desktop/OpenServer/domains/restapi/frontend/web/index.php'
    'REMOTE_PORT' => '50770'
    'REDIRECT_URL' => '/'
    'GATEWAY_INTERFACE' => 'CGI/1.1'
    'SERVER_PROTOCOL' => 'HTTP/1.1'
    'REQUEST_METHOD' => 'GET'
    'QUERY_STRING' => ''
    'REQUEST_URI' => '/'
    'SCRIPT_NAME' => '/frontend/web/index.php'
    'PHP_SELF' => '/frontend/web/index.php'
    'REQUEST_TIME_FLOAT' => 1619620446.0742
    'REQUEST_TIME' => 1619620446
    'argv' => []
    'argc' => 0
]
2021-04-28 17:37:33 [127.0.0.1][-][-][error][yii\web\HttpException:404] yii\web\NotFoundHttpException: Page not found. in C:\Users\admin\Desktop\OpenServer\domains\restapi\vendor\yiisoft\yii2\web\Request.php:293
Stack trace:
#0 C:\Users\admin\Desktop\OpenServer\domains\restapi\vendor\yiisoft\yii2\web\Application.php(83): yii\web\Request->resolve()
#1 C:\Users\admin\Desktop\OpenServer\domains\restapi\vendor\yiisoft\yii2\base\Application.php(392): yii\web\Application->handleRequest(Object(yii\web\Request))
#2 C:\Users\admin\Desktop\OpenServer\domains\restapi\frontend\web\index.php(17): yii\base\Application->run()
#3 {main}
2021-04-28 17:37:33 [127.0.0.1][-][-][info][application] $_GET = []

$_POST = []

$_FILES = []

$_COOKIE = [
    'advanced-frontend' => 'lkivam5ljjgf1jpvch8vd6otjbk856jl'
    '_csrf-frontend' => '376d335509183174101254955f9869783af9b64422f2795d4fa8036e4fc1621fa:2:{i:0;s:14:\"_csrf-frontend\";i:1;s:32:\"U21ELWRfdGhY66At47xp1F0N-3CUkKeT\";}'
]

$_SESSION = [
    '__flash' => []
]

$_SERVER = [
    'REDIRECT_REDIRECT_STATUS' => '200'
    'REDIRECT_STATUS' => '200'
    'HTTP_HOST' => 'restapi'
    'HTTP_CONNECTION' => 'keep-alive'
    'HTTP_UPGRADE_INSECURE_REQUESTS' => '1'
    'HTTP_USER_AGENT' => 'Mozilla/5.0 (Windows NT 10.0; Win64; x64) AppleWebKit/537.36 (KHTML, like Gecko) Chrome/89.0.4389.128 Safari/537.36'
    'HTTP_ACCEPT' => 'text/html,application/xhtml+xml,application/xml;q=0.9,image/avif,image/webp,image/apng,*/*;q=0.8,application/signed-exchange;v=b3;q=0.9'
    'HTTP_ACCEPT_ENCODING' => 'gzip, deflate'
    'HTTP_ACCEPT_LANGUAGE' => 'ru-RU,ru;q=0.9,en-US;q=0.8,en;q=0.7'
    'HTTP_COOKIE' => 'advanced-frontend=lkivam5ljjgf1jpvch8vd6otjbk856jl; _csrf-frontend=376d335509183174101254955f9869783af9b64422f2795d4fa8036e4fc1621fa%3A2%3A%7Bi%3A0%3Bs%3A14%3A%22_csrf-frontend%22%3Bi%3A1%3Bs%3A32%3A%22U21ELWRfdGhY66At47xp1F0N-3CUkKeT%22%3B%7D'
    'PATH' => 'c:\\users\\admin\\desktop\\openserver\\modules\\php\\PHP_7.3\\ext;c:\\users\\admin\\desktop\\openserver\\modules\\php\\PHP_7.3\\pear;c:\\users\\admin\\desktop\\openserver\\modules\\php\\PHP_7.3\\pear\\bin;c:\\users\\admin\\desktop\\openserver\\modules\\php\\PHP_7.3;c:\\users\\admin\\desktop\\openserver\\modules\\wget\\bin;c:\\users\\admin\\desktop\\openserver\\modules\\database\\MySQL-8.0\\bin;c:\\users\\admin\\desktop\\openserver\\modules\\database\\PostgreSQL-12.2\\bin;c:\\users\\admin\\desktop\\openserver\\modules\\database\\PostgreSQL-12.2\\lib;c:\\users\\admin\\desktop\\openserver\\modules\\http\\Apache_2.4-PHP_7.2-7.4\\bin;c:\\users\\admin\\desktop\\openserver\\modules\\http\\Apache_2.4-PHP_7.2-7.4;C:\\Windows\\system32;C:\\Windows;C:\\Windows\\system32\\Wbem;C:\\Windows\\SysWOW64;C:\\Windows\\system32;C:\\Windows;C:\\Windows\\System32\\Wbem;C:\\Windows\\System32\\WindowsPowerShell\\v1.0\\;C:\\Windows\\System32\\OpenSSH\\;C:\\Program Files (x86)\\HP\\Common\\HPDestPlgIn\\;C:\\Program Files (x86)\\HP\\IdrsOCR_15.3.1129.0\\;C:\\Program Files\\PuTTY\\;C:\\Program Files (x86)\\Microsoft SQL Server\\150\\DTS\\Binn\\;C:\\Program Files\\Azure Data Studio\\bin;C:\\Program Files\\Git\\cmd;C:\\Users\\admin\\AppData\\Local\\Microsoft\\WindowsApps;C:\\Users\\admin\\AppData\\Local\\Programs\\Microsoft VS Code\\bin'
    'SystemRoot' => 'C:\\Windows'
    'COMSPEC' => 'C:\\Windows\\system32\\cmd.exe'
    'PATHEXT' => '.COM;.EXE;.BAT;.CMD;.VBS;.VBE;.JS;.JSE;.WSF;.WSH;.MSC'
    'WINDIR' => 'C:\\Windows'
    'SERVER_SIGNATURE' => ''
    'SERVER_SOFTWARE' => 'Apache'
    'SERVER_NAME' => 'restapi'
    'SERVER_ADDR' => '127.0.0.1'
    'SERVER_PORT' => '80'
    'REMOTE_ADDR' => '127.0.0.1'
    'DOCUMENT_ROOT' => 'C:/Users/admin/Desktop/OpenServer/domains/restapi'
    'REQUEST_SCHEME' => 'http'
    'CONTEXT_PREFIX' => ''
    'CONTEXT_DOCUMENT_ROOT' => 'C:/Users/admin/Desktop/OpenServer/domains/restapi'
    'SERVER_ADMIN' => '[no address given]'
    'SCRIPT_FILENAME' => 'C:/Users/admin/Desktop/OpenServer/domains/restapi/frontend/web/index.php'
    'REMOTE_PORT' => '50884'
    'REDIRECT_URL' => '/frontend/web/1'
    'GATEWAY_INTERFACE' => 'CGI/1.1'
    'SERVER_PROTOCOL' => 'HTTP/1.1'
    'REQUEST_METHOD' => 'GET'
    'QUERY_STRING' => ''
    'REQUEST_URI' => '/1'
    'SCRIPT_NAME' => '/frontend/web/index.php'
    'PHP_SELF' => '/frontend/web/index.php'
    'REQUEST_TIME_FLOAT' => 1619620653.5087
    'REQUEST_TIME' => 1619620653
    'argv' => []
    'argc' => 0
]
2021-04-28 17:41:45 [127.0.0.1][-][-][error][yii\web\HttpException:404] yii\web\NotFoundHttpException: Page not found. in C:\Users\admin\Desktop\OpenServer\domains\restapi\vendor\yiisoft\yii2\web\Request.php:293
Stack trace:
#0 C:\Users\admin\Desktop\OpenServer\domains\restapi\vendor\yiisoft\yii2\web\Application.php(83): yii\web\Request->resolve()
#1 C:\Users\admin\Desktop\OpenServer\domains\restapi\vendor\yiisoft\yii2\base\Application.php(392): yii\web\Application->handleRequest(Object(yii\web\Request))
#2 C:\Users\admin\Desktop\OpenServer\domains\restapi\frontend\web\index.php(17): yii\base\Application->run()
#3 {main}
2021-04-28 17:41:45 [127.0.0.1][-][-][info][application] $_GET = []

$_POST = []

$_FILES = []

$_COOKIE = [
    'advanced-frontend' => 'lkivam5ljjgf1jpvch8vd6otjbk856jl'
    '_csrf-frontend' => '376d335509183174101254955f9869783af9b64422f2795d4fa8036e4fc1621fa:2:{i:0;s:14:\"_csrf-frontend\";i:1;s:32:\"U21ELWRfdGhY66At47xp1F0N-3CUkKeT\";}'
]

$_SESSION = [
    '__flash' => []
]

$_SERVER = [
    'REDIRECT_REDIRECT_STATUS' => '200'
    'REDIRECT_STATUS' => '200'
    'HTTP_HOST' => 'restapi'
    'HTTP_CONNECTION' => 'keep-alive'
    'HTTP_UPGRADE_INSECURE_REQUESTS' => '1'
    'HTTP_USER_AGENT' => 'Mozilla/5.0 (Windows NT 10.0; Win64; x64) AppleWebKit/537.36 (KHTML, like Gecko) Chrome/89.0.4389.128 Safari/537.36'
    'HTTP_ACCEPT' => 'text/html,application/xhtml+xml,application/xml;q=0.9,image/avif,image/webp,image/apng,*/*;q=0.8,application/signed-exchange;v=b3;q=0.9'
    'HTTP_ACCEPT_ENCODING' => 'gzip, deflate'
    'HTTP_ACCEPT_LANGUAGE' => 'ru-RU,ru;q=0.9,en-US;q=0.8,en;q=0.7'
    'HTTP_COOKIE' => 'advanced-frontend=lkivam5ljjgf1jpvch8vd6otjbk856jl; _csrf-frontend=376d335509183174101254955f9869783af9b64422f2795d4fa8036e4fc1621fa%3A2%3A%7Bi%3A0%3Bs%3A14%3A%22_csrf-frontend%22%3Bi%3A1%3Bs%3A32%3A%22U21ELWRfdGhY66At47xp1F0N-3CUkKeT%22%3B%7D'
    'PATH' => 'c:\\users\\admin\\desktop\\openserver\\modules\\php\\PHP_7.3\\ext;c:\\users\\admin\\desktop\\openserver\\modules\\php\\PHP_7.3\\pear;c:\\users\\admin\\desktop\\openserver\\modules\\php\\PHP_7.3\\pear\\bin;c:\\users\\admin\\desktop\\openserver\\modules\\php\\PHP_7.3;c:\\users\\admin\\desktop\\openserver\\modules\\wget\\bin;c:\\users\\admin\\desktop\\openserver\\modules\\database\\MySQL-8.0\\bin;c:\\users\\admin\\desktop\\openserver\\modules\\database\\PostgreSQL-12.2\\bin;c:\\users\\admin\\desktop\\openserver\\modules\\database\\PostgreSQL-12.2\\lib;c:\\users\\admin\\desktop\\openserver\\modules\\http\\Apache_2.4-PHP_7.2-7.4\\bin;c:\\users\\admin\\desktop\\openserver\\modules\\http\\Apache_2.4-PHP_7.2-7.4;C:\\Windows\\system32;C:\\Windows;C:\\Windows\\system32\\Wbem;C:\\Windows\\SysWOW64;C:\\Windows\\system32;C:\\Windows;C:\\Windows\\System32\\Wbem;C:\\Windows\\System32\\WindowsPowerShell\\v1.0\\;C:\\Windows\\System32\\OpenSSH\\;C:\\Program Files (x86)\\HP\\Common\\HPDestPlgIn\\;C:\\Program Files (x86)\\HP\\IdrsOCR_15.3.1129.0\\;C:\\Program Files\\PuTTY\\;C:\\Program Files (x86)\\Microsoft SQL Server\\150\\DTS\\Binn\\;C:\\Program Files\\Azure Data Studio\\bin;C:\\Program Files\\Git\\cmd;C:\\Users\\admin\\AppData\\Local\\Microsoft\\WindowsApps;C:\\Users\\admin\\AppData\\Local\\Programs\\Microsoft VS Code\\bin'
    'SystemRoot' => 'C:\\Windows'
    'COMSPEC' => 'C:\\Windows\\system32\\cmd.exe'
    'PATHEXT' => '.COM;.EXE;.BAT;.CMD;.VBS;.VBE;.JS;.JSE;.WSF;.WSH;.MSC'
    'WINDIR' => 'C:\\Windows'
    'SERVER_SIGNATURE' => ''
    'SERVER_SOFTWARE' => 'Apache'
    'SERVER_NAME' => 'restapi'
    'SERVER_ADDR' => '127.0.0.1'
    'SERVER_PORT' => '80'
    'REMOTE_ADDR' => '127.0.0.1'
    'DOCUMENT_ROOT' => 'C:/Users/admin/Desktop/OpenServer/domains/restapi'
    'REQUEST_SCHEME' => 'http'
    'CONTEXT_PREFIX' => ''
    'CONTEXT_DOCUMENT_ROOT' => 'C:/Users/admin/Desktop/OpenServer/domains/restapi'
    'SERVER_ADMIN' => '[no address given]'
    'SCRIPT_FILENAME' => 'C:/Users/admin/Desktop/OpenServer/domains/restapi/frontend/web/index.php'
    'REMOTE_PORT' => '50959'
    'REDIRECT_URL' => '/frontend/web/1'
    'GATEWAY_INTERFACE' => 'CGI/1.1'
    'SERVER_PROTOCOL' => 'HTTP/1.1'
    'REQUEST_METHOD' => 'GET'
    'QUERY_STRING' => ''
    'REQUEST_URI' => '/1'
    'SCRIPT_NAME' => '/frontend/web/index.php'
    'PHP_SELF' => '/frontend/web/index.php'
    'REQUEST_TIME_FLOAT' => 1619620905.789
    'REQUEST_TIME' => 1619620905
    'argv' => []
    'argc' => 0
]
2021-04-28 17:43:31 [127.0.0.1][-][-][error][yii\web\HttpException:404] yii\web\NotFoundHttpException: Page not found. in C:\Users\admin\Desktop\OpenServer\domains\restapi\vendor\yiisoft\yii2\web\Request.php:293
Stack trace:
#0 C:\Users\admin\Desktop\OpenServer\domains\restapi\vendor\yiisoft\yii2\web\Application.php(83): yii\web\Request->resolve()
#1 C:\Users\admin\Desktop\OpenServer\domains\restapi\vendor\yiisoft\yii2\base\Application.php(392): yii\web\Application->handleRequest(Object(yii\web\Request))
#2 C:\Users\admin\Desktop\OpenServer\domains\restapi\frontend\web\index.php(17): yii\base\Application->run()
#3 {main}
2021-04-28 17:43:31 [127.0.0.1][-][-][info][application] $_GET = []

$_POST = []

$_FILES = []

$_COOKIE = [
    'advanced-frontend' => 'lkivam5ljjgf1jpvch8vd6otjbk856jl'
    '_csrf-frontend' => '376d335509183174101254955f9869783af9b64422f2795d4fa8036e4fc1621fa:2:{i:0;s:14:\"_csrf-frontend\";i:1;s:32:\"U21ELWRfdGhY66At47xp1F0N-3CUkKeT\";}'
]

$_SESSION = [
    '__flash' => []
]

$_SERVER = [
    'REDIRECT_REDIRECT_STATUS' => '200'
    'REDIRECT_STATUS' => '200'
    'HTTP_HOST' => 'restapi'
    'HTTP_CONNECTION' => 'keep-alive'
    'HTTP_CACHE_CONTROL' => 'max-age=0'
    'HTTP_UPGRADE_INSECURE_REQUESTS' => '1'
    'HTTP_USER_AGENT' => 'Mozilla/5.0 (Windows NT 10.0; Win64; x64) AppleWebKit/537.36 (KHTML, like Gecko) Chrome/89.0.4389.128 Safari/537.36'
    'HTTP_ACCEPT' => 'text/html,application/xhtml+xml,application/xml;q=0.9,image/avif,image/webp,image/apng,*/*;q=0.8,application/signed-exchange;v=b3;q=0.9'
    'HTTP_ACCEPT_ENCODING' => 'gzip, deflate'
    'HTTP_ACCEPT_LANGUAGE' => 'ru-RU,ru;q=0.9,en-US;q=0.8,en;q=0.7'
    'HTTP_COOKIE' => 'advanced-frontend=lkivam5ljjgf1jpvch8vd6otjbk856jl; _csrf-frontend=376d335509183174101254955f9869783af9b64422f2795d4fa8036e4fc1621fa%3A2%3A%7Bi%3A0%3Bs%3A14%3A%22_csrf-frontend%22%3Bi%3A1%3Bs%3A32%3A%22U21ELWRfdGhY66At47xp1F0N-3CUkKeT%22%3B%7D'
    'PATH' => 'c:\\users\\admin\\desktop\\openserver\\modules\\php\\PHP_7.3\\ext;c:\\users\\admin\\desktop\\openserver\\modules\\php\\PHP_7.3\\pear;c:\\users\\admin\\desktop\\openserver\\modules\\php\\PHP_7.3\\pear\\bin;c:\\users\\admin\\desktop\\openserver\\modules\\php\\PHP_7.3;c:\\users\\admin\\desktop\\openserver\\modules\\wget\\bin;c:\\users\\admin\\desktop\\openserver\\modules\\database\\MySQL-8.0\\bin;c:\\users\\admin\\desktop\\openserver\\modules\\database\\PostgreSQL-12.2\\bin;c:\\users\\admin\\desktop\\openserver\\modules\\database\\PostgreSQL-12.2\\lib;c:\\users\\admin\\desktop\\openserver\\modules\\http\\Apache_2.4-PHP_7.2-7.4\\bin;c:\\users\\admin\\desktop\\openserver\\modules\\http\\Apache_2.4-PHP_7.2-7.4;C:\\Windows\\system32;C:\\Windows;C:\\Windows\\system32\\Wbem;C:\\Windows\\SysWOW64;C:\\Windows\\system32;C:\\Windows;C:\\Windows\\System32\\Wbem;C:\\Windows\\System32\\WindowsPowerShell\\v1.0\\;C:\\Windows\\System32\\OpenSSH\\;C:\\Program Files (x86)\\HP\\Common\\HPDestPlgIn\\;C:\\Program Files (x86)\\HP\\IdrsOCR_15.3.1129.0\\;C:\\Program Files\\PuTTY\\;C:\\Program Files (x86)\\Microsoft SQL Server\\150\\DTS\\Binn\\;C:\\Program Files\\Azure Data Studio\\bin;C:\\Program Files\\Git\\cmd;C:\\Users\\admin\\AppData\\Local\\Microsoft\\WindowsApps;C:\\Users\\admin\\AppData\\Local\\Programs\\Microsoft VS Code\\bin'
    'SystemRoot' => 'C:\\Windows'
    'COMSPEC' => 'C:\\Windows\\system32\\cmd.exe'
    'PATHEXT' => '.COM;.EXE;.BAT;.CMD;.VBS;.VBE;.JS;.JSE;.WSF;.WSH;.MSC'
    'WINDIR' => 'C:\\Windows'
    'SERVER_SIGNATURE' => ''
    'SERVER_SOFTWARE' => 'Apache'
    'SERVER_NAME' => 'restapi'
    'SERVER_ADDR' => '127.0.0.1'
    'SERVER_PORT' => '80'
    'REMOTE_ADDR' => '127.0.0.1'
    'DOCUMENT_ROOT' => 'C:/Users/admin/Desktop/OpenServer/domains/restapi'
    'REQUEST_SCHEME' => 'http'
    'CONTEXT_PREFIX' => ''
    'CONTEXT_DOCUMENT_ROOT' => 'C:/Users/admin/Desktop/OpenServer/domains/restapi'
    'SERVER_ADMIN' => '[no address given]'
    'SCRIPT_FILENAME' => 'C:/Users/admin/Desktop/OpenServer/domains/restapi/frontend/web/index.php'
    'REMOTE_PORT' => '51006'
    'REDIRECT_URL' => '/frontend/web/1'
    'GATEWAY_INTERFACE' => 'CGI/1.1'
    'SERVER_PROTOCOL' => 'HTTP/1.1'
    'REQUEST_METHOD' => 'GET'
    'QUERY_STRING' => ''
    'REQUEST_URI' => '/1'
    'SCRIPT_NAME' => '/frontend/web/index.php'
    'PHP_SELF' => '/frontend/web/index.php'
    'REQUEST_TIME_FLOAT' => 1619621011.7063
    'REQUEST_TIME' => 1619621011
    'argv' => []
    'argc' => 0
]
2021-04-28 17:43:32 [127.0.0.1][-][-][error][yii\web\HttpException:404] yii\web\NotFoundHttpException: Page not found. in C:\Users\admin\Desktop\OpenServer\domains\restapi\vendor\yiisoft\yii2\web\Request.php:293
Stack trace:
#0 C:\Users\admin\Desktop\OpenServer\domains\restapi\vendor\yiisoft\yii2\web\Application.php(83): yii\web\Request->resolve()
#1 C:\Users\admin\Desktop\OpenServer\domains\restapi\vendor\yiisoft\yii2\base\Application.php(392): yii\web\Application->handleRequest(Object(yii\web\Request))
#2 C:\Users\admin\Desktop\OpenServer\domains\restapi\frontend\web\index.php(17): yii\base\Application->run()
#3 {main}
2021-04-28 17:43:32 [127.0.0.1][-][-][info][application] $_GET = []

$_POST = []

$_FILES = []

$_COOKIE = [
    'advanced-frontend' => 'lkivam5ljjgf1jpvch8vd6otjbk856jl'
    '_csrf-frontend' => '376d335509183174101254955f9869783af9b64422f2795d4fa8036e4fc1621fa:2:{i:0;s:14:\"_csrf-frontend\";i:1;s:32:\"U21ELWRfdGhY66At47xp1F0N-3CUkKeT\";}'
]

$_SESSION = [
    '__flash' => []
]

$_SERVER = [
    'REDIRECT_REDIRECT_STATUS' => '200'
    'REDIRECT_STATUS' => '200'
    'HTTP_HOST' => 'restapi'
    'HTTP_CONNECTION' => 'keep-alive'
    'HTTP_CACHE_CONTROL' => 'max-age=0'
    'HTTP_UPGRADE_INSECURE_REQUESTS' => '1'
    'HTTP_USER_AGENT' => 'Mozilla/5.0 (Windows NT 10.0; Win64; x64) AppleWebKit/537.36 (KHTML, like Gecko) Chrome/89.0.4389.128 Safari/537.36'
    'HTTP_ACCEPT' => 'text/html,application/xhtml+xml,application/xml;q=0.9,image/avif,image/webp,image/apng,*/*;q=0.8,application/signed-exchange;v=b3;q=0.9'
    'HTTP_ACCEPT_ENCODING' => 'gzip, deflate'
    'HTTP_ACCEPT_LANGUAGE' => 'ru-RU,ru;q=0.9,en-US;q=0.8,en;q=0.7'
    'HTTP_COOKIE' => 'advanced-frontend=lkivam5ljjgf1jpvch8vd6otjbk856jl; _csrf-frontend=376d335509183174101254955f9869783af9b64422f2795d4fa8036e4fc1621fa%3A2%3A%7Bi%3A0%3Bs%3A14%3A%22_csrf-frontend%22%3Bi%3A1%3Bs%3A32%3A%22U21ELWRfdGhY66At47xp1F0N-3CUkKeT%22%3B%7D'
    'PATH' => 'c:\\users\\admin\\desktop\\openserver\\modules\\php\\PHP_7.3\\ext;c:\\users\\admin\\desktop\\openserver\\modules\\php\\PHP_7.3\\pear;c:\\users\\admin\\desktop\\openserver\\modules\\php\\PHP_7.3\\pear\\bin;c:\\users\\admin\\desktop\\openserver\\modules\\php\\PHP_7.3;c:\\users\\admin\\desktop\\openserver\\modules\\wget\\bin;c:\\users\\admin\\desktop\\openserver\\modules\\database\\MySQL-8.0\\bin;c:\\users\\admin\\desktop\\openserver\\modules\\database\\PostgreSQL-12.2\\bin;c:\\users\\admin\\desktop\\openserver\\modules\\database\\PostgreSQL-12.2\\lib;c:\\users\\admin\\desktop\\openserver\\modules\\http\\Apache_2.4-PHP_7.2-7.4\\bin;c:\\users\\admin\\desktop\\openserver\\modules\\http\\Apache_2.4-PHP_7.2-7.4;C:\\Windows\\system32;C:\\Windows;C:\\Windows\\system32\\Wbem;C:\\Windows\\SysWOW64;C:\\Windows\\system32;C:\\Windows;C:\\Windows\\System32\\Wbem;C:\\Windows\\System32\\WindowsPowerShell\\v1.0\\;C:\\Windows\\System32\\OpenSSH\\;C:\\Program Files (x86)\\HP\\Common\\HPDestPlgIn\\;C:\\Program Files (x86)\\HP\\IdrsOCR_15.3.1129.0\\;C:\\Program Files\\PuTTY\\;C:\\Program Files (x86)\\Microsoft SQL Server\\150\\DTS\\Binn\\;C:\\Program Files\\Azure Data Studio\\bin;C:\\Program Files\\Git\\cmd;C:\\Users\\admin\\AppData\\Local\\Microsoft\\WindowsApps;C:\\Users\\admin\\AppData\\Local\\Programs\\Microsoft VS Code\\bin'
    'SystemRoot' => 'C:\\Windows'
    'COMSPEC' => 'C:\\Windows\\system32\\cmd.exe'
    'PATHEXT' => '.COM;.EXE;.BAT;.CMD;.VBS;.VBE;.JS;.JSE;.WSF;.WSH;.MSC'
    'WINDIR' => 'C:\\Windows'
    'SERVER_SIGNATURE' => ''
    'SERVER_SOFTWARE' => 'Apache'
    'SERVER_NAME' => 'restapi'
    'SERVER_ADDR' => '127.0.0.1'
    'SERVER_PORT' => '80'
    'REMOTE_ADDR' => '127.0.0.1'
    'DOCUMENT_ROOT' => 'C:/Users/admin/Desktop/OpenServer/domains/restapi'
    'REQUEST_SCHEME' => 'http'
    'CONTEXT_PREFIX' => ''
    'CONTEXT_DOCUMENT_ROOT' => 'C:/Users/admin/Desktop/OpenServer/domains/restapi'
    'SERVER_ADMIN' => '[no address given]'
    'SCRIPT_FILENAME' => 'C:/Users/admin/Desktop/OpenServer/domains/restapi/frontend/web/index.php'
    'REMOTE_PORT' => '51007'
    'REDIRECT_URL' => '/frontend/web/1'
    'GATEWAY_INTERFACE' => 'CGI/1.1'
    'SERVER_PROTOCOL' => 'HTTP/1.1'
    'REQUEST_METHOD' => 'GET'
    'QUERY_STRING' => ''
    'REQUEST_URI' => '/1'
    'SCRIPT_NAME' => '/frontend/web/index.php'
    'PHP_SELF' => '/frontend/web/index.php'
    'REQUEST_TIME_FLOAT' => 1619621012.6819
    'REQUEST_TIME' => 1619621012
    'argv' => []
    'argc' => 0
]
2021-04-28 17:43:47 [127.0.0.1][-][-][error][yii\web\HttpException:404] yii\web\NotFoundHttpException: Page not found. in C:\Users\admin\Desktop\OpenServer\domains\restapi\vendor\yiisoft\yii2\web\Request.php:293
Stack trace:
#0 C:\Users\admin\Desktop\OpenServer\domains\restapi\vendor\yiisoft\yii2\web\Application.php(83): yii\web\Request->resolve()
#1 C:\Users\admin\Desktop\OpenServer\domains\restapi\vendor\yiisoft\yii2\base\Application.php(392): yii\web\Application->handleRequest(Object(yii\web\Request))
#2 C:\Users\admin\Desktop\OpenServer\domains\restapi\frontend\web\index.php(17): yii\base\Application->run()
#3 {main}
2021-04-28 17:43:47 [127.0.0.1][-][-][info][application] $_GET = []

$_POST = []

$_FILES = []

$_COOKIE = [
    'advanced-frontend' => 'lkivam5ljjgf1jpvch8vd6otjbk856jl'
    '_csrf-frontend' => '376d335509183174101254955f9869783af9b64422f2795d4fa8036e4fc1621fa:2:{i:0;s:14:\"_csrf-frontend\";i:1;s:32:\"U21ELWRfdGhY66At47xp1F0N-3CUkKeT\";}'
]

$_SESSION = [
    '__flash' => []
]

$_SERVER = [
    'REDIRECT_REDIRECT_STATUS' => '200'
    'REDIRECT_STATUS' => '200'
    'HTTP_HOST' => 'restapi'
    'HTTP_CONNECTION' => 'keep-alive'
    'HTTP_CACHE_CONTROL' => 'max-age=0'
    'HTTP_UPGRADE_INSECURE_REQUESTS' => '1'
    'HTTP_USER_AGENT' => 'Mozilla/5.0 (Windows NT 10.0; Win64; x64) AppleWebKit/537.36 (KHTML, like Gecko) Chrome/89.0.4389.128 Safari/537.36'
    'HTTP_ACCEPT' => 'text/html,application/xhtml+xml,application/xml;q=0.9,image/avif,image/webp,image/apng,*/*;q=0.8,application/signed-exchange;v=b3;q=0.9'
    'HTTP_ACCEPT_ENCODING' => 'gzip, deflate'
    'HTTP_ACCEPT_LANGUAGE' => 'ru-RU,ru;q=0.9,en-US;q=0.8,en;q=0.7'
    'HTTP_COOKIE' => 'advanced-frontend=lkivam5ljjgf1jpvch8vd6otjbk856jl; _csrf-frontend=376d335509183174101254955f9869783af9b64422f2795d4fa8036e4fc1621fa%3A2%3A%7Bi%3A0%3Bs%3A14%3A%22_csrf-frontend%22%3Bi%3A1%3Bs%3A32%3A%22U21ELWRfdGhY66At47xp1F0N-3CUkKeT%22%3B%7D'
    'PATH' => 'c:\\users\\admin\\desktop\\openserver\\modules\\php\\PHP_7.3\\ext;c:\\users\\admin\\desktop\\openserver\\modules\\php\\PHP_7.3\\pear;c:\\users\\admin\\desktop\\openserver\\modules\\php\\PHP_7.3\\pear\\bin;c:\\users\\admin\\desktop\\openserver\\modules\\php\\PHP_7.3;c:\\users\\admin\\desktop\\openserver\\modules\\wget\\bin;c:\\users\\admin\\desktop\\openserver\\modules\\database\\MySQL-8.0\\bin;c:\\users\\admin\\desktop\\openserver\\modules\\database\\PostgreSQL-12.2\\bin;c:\\users\\admin\\desktop\\openserver\\modules\\database\\PostgreSQL-12.2\\lib;c:\\users\\admin\\desktop\\openserver\\modules\\http\\Apache_2.4-PHP_7.2-7.4\\bin;c:\\users\\admin\\desktop\\openserver\\modules\\http\\Apache_2.4-PHP_7.2-7.4;C:\\Windows\\system32;C:\\Windows;C:\\Windows\\system32\\Wbem;C:\\Windows\\SysWOW64;C:\\Windows\\system32;C:\\Windows;C:\\Windows\\System32\\Wbem;C:\\Windows\\System32\\WindowsPowerShell\\v1.0\\;C:\\Windows\\System32\\OpenSSH\\;C:\\Program Files (x86)\\HP\\Common\\HPDestPlgIn\\;C:\\Program Files (x86)\\HP\\IdrsOCR_15.3.1129.0\\;C:\\Program Files\\PuTTY\\;C:\\Program Files (x86)\\Microsoft SQL Server\\150\\DTS\\Binn\\;C:\\Program Files\\Azure Data Studio\\bin;C:\\Program Files\\Git\\cmd;C:\\Users\\admin\\AppData\\Local\\Microsoft\\WindowsApps;C:\\Users\\admin\\AppData\\Local\\Programs\\Microsoft VS Code\\bin'
    'SystemRoot' => 'C:\\Windows'
    'COMSPEC' => 'C:\\Windows\\system32\\cmd.exe'
    'PATHEXT' => '.COM;.EXE;.BAT;.CMD;.VBS;.VBE;.JS;.JSE;.WSF;.WSH;.MSC'
    'WINDIR' => 'C:\\Windows'
    'SERVER_SIGNATURE' => ''
    'SERVER_SOFTWARE' => 'Apache'
    'SERVER_NAME' => 'restapi'
    'SERVER_ADDR' => '127.0.0.1'
    'SERVER_PORT' => '80'
    'REMOTE_ADDR' => '127.0.0.1'
    'DOCUMENT_ROOT' => 'C:/Users/admin/Desktop/OpenServer/domains/restapi'
    'REQUEST_SCHEME' => 'http'
    'CONTEXT_PREFIX' => ''
    'CONTEXT_DOCUMENT_ROOT' => 'C:/Users/admin/Desktop/OpenServer/domains/restapi'
    'SERVER_ADMIN' => '[no address given]'
    'SCRIPT_FILENAME' => 'C:/Users/admin/Desktop/OpenServer/domains/restapi/frontend/web/index.php'
    'REMOTE_PORT' => '51018'
    'REDIRECT_URL' => '/frontend/web/1'
    'GATEWAY_INTERFACE' => 'CGI/1.1'
    'SERVER_PROTOCOL' => 'HTTP/1.1'
    'REQUEST_METHOD' => 'GET'
    'QUERY_STRING' => ''
    'REQUEST_URI' => '/1'
    'SCRIPT_NAME' => '/frontend/web/index.php'
    'PHP_SELF' => '/frontend/web/index.php'
    'REQUEST_TIME_FLOAT' => 1619621027.3328
    'REQUEST_TIME' => 1619621027
    'argv' => []
    'argc' => 0
]
2021-04-28 17:43:49 [127.0.0.1][-][-][error][yii\web\HttpException:404] yii\web\NotFoundHttpException: Page not found. in C:\Users\admin\Desktop\OpenServer\domains\restapi\vendor\yiisoft\yii2\web\Request.php:293
Stack trace:
#0 C:\Users\admin\Desktop\OpenServer\domains\restapi\vendor\yiisoft\yii2\web\Application.php(83): yii\web\Request->resolve()
#1 C:\Users\admin\Desktop\OpenServer\domains\restapi\vendor\yiisoft\yii2\base\Application.php(392): yii\web\Application->handleRequest(Object(yii\web\Request))
#2 C:\Users\admin\Desktop\OpenServer\domains\restapi\frontend\web\index.php(17): yii\base\Application->run()
#3 {main}
2021-04-28 17:43:49 [127.0.0.1][-][-][info][application] $_GET = []

$_POST = []

$_FILES = []

$_COOKIE = [
    'advanced-frontend' => 'lkivam5ljjgf1jpvch8vd6otjbk856jl'
    '_csrf-frontend' => '376d335509183174101254955f9869783af9b64422f2795d4fa8036e4fc1621fa:2:{i:0;s:14:\"_csrf-frontend\";i:1;s:32:\"U21ELWRfdGhY66At47xp1F0N-3CUkKeT\";}'
]

$_SESSION = [
    '__flash' => []
]

$_SERVER = [
    'REDIRECT_STATUS' => '200'
    'HTTP_HOST' => 'restapi'
    'HTTP_CONNECTION' => 'keep-alive'
    'HTTP_UPGRADE_INSECURE_REQUESTS' => '1'
    'HTTP_USER_AGENT' => 'Mozilla/5.0 (Windows NT 10.0; Win64; x64) AppleWebKit/537.36 (KHTML, like Gecko) Chrome/89.0.4389.128 Safari/537.36'
    'HTTP_ACCEPT' => 'text/html,application/xhtml+xml,application/xml;q=0.9,image/avif,image/webp,image/apng,*/*;q=0.8,application/signed-exchange;v=b3;q=0.9'
    'HTTP_ACCEPT_ENCODING' => 'gzip, deflate'
    'HTTP_ACCEPT_LANGUAGE' => 'ru-RU,ru;q=0.9,en-US;q=0.8,en;q=0.7'
    'HTTP_COOKIE' => 'advanced-frontend=lkivam5ljjgf1jpvch8vd6otjbk856jl; _csrf-frontend=376d335509183174101254955f9869783af9b64422f2795d4fa8036e4fc1621fa%3A2%3A%7Bi%3A0%3Bs%3A14%3A%22_csrf-frontend%22%3Bi%3A1%3Bs%3A32%3A%22U21ELWRfdGhY66At47xp1F0N-3CUkKeT%22%3B%7D'
    'PATH' => 'c:\\users\\admin\\desktop\\openserver\\modules\\php\\PHP_7.3\\ext;c:\\users\\admin\\desktop\\openserver\\modules\\php\\PHP_7.3\\pear;c:\\users\\admin\\desktop\\openserver\\modules\\php\\PHP_7.3\\pear\\bin;c:\\users\\admin\\desktop\\openserver\\modules\\php\\PHP_7.3;c:\\users\\admin\\desktop\\openserver\\modules\\wget\\bin;c:\\users\\admin\\desktop\\openserver\\modules\\database\\MySQL-8.0\\bin;c:\\users\\admin\\desktop\\openserver\\modules\\database\\PostgreSQL-12.2\\bin;c:\\users\\admin\\desktop\\openserver\\modules\\database\\PostgreSQL-12.2\\lib;c:\\users\\admin\\desktop\\openserver\\modules\\http\\Apache_2.4-PHP_7.2-7.4\\bin;c:\\users\\admin\\desktop\\openserver\\modules\\http\\Apache_2.4-PHP_7.2-7.4;C:\\Windows\\system32;C:\\Windows;C:\\Windows\\system32\\Wbem;C:\\Windows\\SysWOW64;C:\\Windows\\system32;C:\\Windows;C:\\Windows\\System32\\Wbem;C:\\Windows\\System32\\WindowsPowerShell\\v1.0\\;C:\\Windows\\System32\\OpenSSH\\;C:\\Program Files (x86)\\HP\\Common\\HPDestPlgIn\\;C:\\Program Files (x86)\\HP\\IdrsOCR_15.3.1129.0\\;C:\\Program Files\\PuTTY\\;C:\\Program Files (x86)\\Microsoft SQL Server\\150\\DTS\\Binn\\;C:\\Program Files\\Azure Data Studio\\bin;C:\\Program Files\\Git\\cmd;C:\\Users\\admin\\AppData\\Local\\Microsoft\\WindowsApps;C:\\Users\\admin\\AppData\\Local\\Programs\\Microsoft VS Code\\bin'
    'SystemRoot' => 'C:\\Windows'
    'COMSPEC' => 'C:\\Windows\\system32\\cmd.exe'
    'PATHEXT' => '.COM;.EXE;.BAT;.CMD;.VBS;.VBE;.JS;.JSE;.WSF;.WSH;.MSC'
    'WINDIR' => 'C:\\Windows'
    'SERVER_SIGNATURE' => ''
    'SERVER_SOFTWARE' => 'Apache'
    'SERVER_NAME' => 'restapi'
    'SERVER_ADDR' => '127.0.0.1'
    'SERVER_PORT' => '80'
    'REMOTE_ADDR' => '127.0.0.1'
    'DOCUMENT_ROOT' => 'C:/Users/admin/Desktop/OpenServer/domains/restapi'
    'REQUEST_SCHEME' => 'http'
    'CONTEXT_PREFIX' => ''
    'CONTEXT_DOCUMENT_ROOT' => 'C:/Users/admin/Desktop/OpenServer/domains/restapi'
    'SERVER_ADMIN' => '[no address given]'
    'SCRIPT_FILENAME' => 'C:/Users/admin/Desktop/OpenServer/domains/restapi/frontend/web/index.php'
    'REMOTE_PORT' => '51020'
    'REDIRECT_URL' => '/'
    'GATEWAY_INTERFACE' => 'CGI/1.1'
    'SERVER_PROTOCOL' => 'HTTP/1.1'
    'REQUEST_METHOD' => 'GET'
    'QUERY_STRING' => ''
    'REQUEST_URI' => '/'
    'SCRIPT_NAME' => '/frontend/web/index.php'
    'PHP_SELF' => '/frontend/web/index.php'
    'REQUEST_TIME_FLOAT' => 1619621029.6611
    'REQUEST_TIME' => 1619621029
    'argv' => []
    'argc' => 0
]
2021-04-28 17:48:51 [127.0.0.1][-][-][error][yii\web\HttpException:404] yii\base\InvalidRouteException: Unable to resolve the request "requests". in C:\Users\admin\Desktop\OpenServer\domains\restapi\vendor\yiisoft\yii2\base\Module.php:543
Stack trace:
#0 C:\Users\admin\Desktop\OpenServer\domains\restapi\vendor\yiisoft\yii2\web\Application.php(104): yii\base\Module->runAction('requests', Array)
#1 C:\Users\admin\Desktop\OpenServer\domains\restapi\vendor\yiisoft\yii2\base\Application.php(392): yii\web\Application->handleRequest(Object(yii\web\Request))
#2 C:\Users\admin\Desktop\OpenServer\domains\restapi\frontend\web\index.php(17): yii\base\Application->run()
#3 {main}

Next yii\web\NotFoundHttpException: Page not found. in C:\Users\admin\Desktop\OpenServer\domains\restapi\vendor\yiisoft\yii2\web\Application.php:116
Stack trace:
#0 C:\Users\admin\Desktop\OpenServer\domains\restapi\vendor\yiisoft\yii2\base\Application.php(392): yii\web\Application->handleRequest(Object(yii\web\Request))
#1 C:\Users\admin\Desktop\OpenServer\domains\restapi\frontend\web\index.php(17): yii\base\Application->run()
#2 {main}
2021-04-28 17:48:51 [127.0.0.1][-][-][info][application] $_GET = []

$_POST = []

$_FILES = []

$_COOKIE = [
    'advanced-frontend' => 'lkivam5ljjgf1jpvch8vd6otjbk856jl'
    '_csrf-frontend' => '376d335509183174101254955f9869783af9b64422f2795d4fa8036e4fc1621fa:2:{i:0;s:14:\"_csrf-frontend\";i:1;s:32:\"U21ELWRfdGhY66At47xp1F0N-3CUkKeT\";}'
]

$_SESSION = [
    '__flash' => []
]

$_SERVER = [
    'REDIRECT_STATUS' => '200'
    'HTTP_HOST' => 'restapi'
    'HTTP_CONNECTION' => 'keep-alive'
    'HTTP_CACHE_CONTROL' => 'max-age=0'
    'HTTP_UPGRADE_INSECURE_REQUESTS' => '1'
    'HTTP_USER_AGENT' => 'Mozilla/5.0 (Windows NT 10.0; Win64; x64) AppleWebKit/537.36 (KHTML, like Gecko) Chrome/89.0.4389.128 Safari/537.36'
    'HTTP_ACCEPT' => 'text/html,application/xhtml+xml,application/xml;q=0.9,image/avif,image/webp,image/apng,*/*;q=0.8,application/signed-exchange;v=b3;q=0.9'
    'HTTP_ACCEPT_ENCODING' => 'gzip, deflate'
    'HTTP_ACCEPT_LANGUAGE' => 'ru-RU,ru;q=0.9,en-US;q=0.8,en;q=0.7'
    'HTTP_COOKIE' => 'advanced-frontend=lkivam5ljjgf1jpvch8vd6otjbk856jl; _csrf-frontend=376d335509183174101254955f9869783af9b64422f2795d4fa8036e4fc1621fa%3A2%3A%7Bi%3A0%3Bs%3A14%3A%22_csrf-frontend%22%3Bi%3A1%3Bs%3A32%3A%22U21ELWRfdGhY66At47xp1F0N-3CUkKeT%22%3B%7D'
    'PATH' => 'c:\\users\\admin\\desktop\\openserver\\modules\\php\\PHP_7.3\\ext;c:\\users\\admin\\desktop\\openserver\\modules\\php\\PHP_7.3\\pear;c:\\users\\admin\\desktop\\openserver\\modules\\php\\PHP_7.3\\pear\\bin;c:\\users\\admin\\desktop\\openserver\\modules\\php\\PHP_7.3;c:\\users\\admin\\desktop\\openserver\\modules\\wget\\bin;c:\\users\\admin\\desktop\\openserver\\modules\\database\\MySQL-8.0\\bin;c:\\users\\admin\\desktop\\openserver\\modules\\database\\PostgreSQL-12.2\\bin;c:\\users\\admin\\desktop\\openserver\\modules\\database\\PostgreSQL-12.2\\lib;c:\\users\\admin\\desktop\\openserver\\modules\\http\\Apache_2.4-PHP_7.2-7.4\\bin;c:\\users\\admin\\desktop\\openserver\\modules\\http\\Apache_2.4-PHP_7.2-7.4;C:\\Windows\\system32;C:\\Windows;C:\\Windows\\system32\\Wbem;C:\\Windows\\SysWOW64;C:\\Windows\\system32;C:\\Windows;C:\\Windows\\System32\\Wbem;C:\\Windows\\System32\\WindowsPowerShell\\v1.0\\;C:\\Windows\\System32\\OpenSSH\\;C:\\Program Files (x86)\\HP\\Common\\HPDestPlgIn\\;C:\\Program Files (x86)\\HP\\IdrsOCR_15.3.1129.0\\;C:\\Program Files\\PuTTY\\;C:\\Program Files (x86)\\Microsoft SQL Server\\150\\DTS\\Binn\\;C:\\Program Files\\Azure Data Studio\\bin;C:\\Program Files\\Git\\cmd;C:\\Users\\admin\\AppData\\Local\\Microsoft\\WindowsApps;C:\\Users\\admin\\AppData\\Local\\Programs\\Microsoft VS Code\\bin'
    'SystemRoot' => 'C:\\Windows'
    'COMSPEC' => 'C:\\Windows\\system32\\cmd.exe'
    'PATHEXT' => '.COM;.EXE;.BAT;.CMD;.VBS;.VBE;.JS;.JSE;.WSF;.WSH;.MSC'
    'WINDIR' => 'C:\\Windows'
    'SERVER_SIGNATURE' => ''
    'SERVER_SOFTWARE' => 'Apache'
    'SERVER_NAME' => 'restapi'
    'SERVER_ADDR' => '127.0.0.1'
    'SERVER_PORT' => '80'
    'REMOTE_ADDR' => '127.0.0.1'
    'DOCUMENT_ROOT' => 'C:/Users/admin/Desktop/OpenServer/domains/restapi'
    'REQUEST_SCHEME' => 'http'
    'CONTEXT_PREFIX' => ''
    'CONTEXT_DOCUMENT_ROOT' => 'C:/Users/admin/Desktop/OpenServer/domains/restapi'
    'SERVER_ADMIN' => '[no address given]'
    'SCRIPT_FILENAME' => 'C:/Users/admin/Desktop/OpenServer/domains/restapi/frontend/web/index.php'
    'REMOTE_PORT' => '51292'
    'REDIRECT_URL' => '/'
    'GATEWAY_INTERFACE' => 'CGI/1.1'
    'SERVER_PROTOCOL' => 'HTTP/1.1'
    'REQUEST_METHOD' => 'GET'
    'QUERY_STRING' => ''
    'REQUEST_URI' => '/'
    'SCRIPT_NAME' => '/frontend/web/index.php'
    'PHP_SELF' => '/frontend/web/index.php'
    'REQUEST_TIME_FLOAT' => 1619621331.1075
    'REQUEST_TIME' => 1619621331
    'argv' => []
    'argc' => 0
]
2021-04-28 17:48:52 [127.0.0.1][-][-][error][yii\web\HttpException:404] yii\base\InvalidRouteException: Unable to resolve the request "requests". in C:\Users\admin\Desktop\OpenServer\domains\restapi\vendor\yiisoft\yii2\base\Module.php:543
Stack trace:
#0 C:\Users\admin\Desktop\OpenServer\domains\restapi\vendor\yiisoft\yii2\web\Application.php(104): yii\base\Module->runAction('requests', Array)
#1 C:\Users\admin\Desktop\OpenServer\domains\restapi\vendor\yiisoft\yii2\base\Application.php(392): yii\web\Application->handleRequest(Object(yii\web\Request))
#2 C:\Users\admin\Desktop\OpenServer\domains\restapi\frontend\web\index.php(17): yii\base\Application->run()
#3 {main}

Next yii\web\NotFoundHttpException: Page not found. in C:\Users\admin\Desktop\OpenServer\domains\restapi\vendor\yiisoft\yii2\web\Application.php:116
Stack trace:
#0 C:\Users\admin\Desktop\OpenServer\domains\restapi\vendor\yiisoft\yii2\base\Application.php(392): yii\web\Application->handleRequest(Object(yii\web\Request))
#1 C:\Users\admin\Desktop\OpenServer\domains\restapi\frontend\web\index.php(17): yii\base\Application->run()
#2 {main}
2021-04-28 17:48:52 [127.0.0.1][-][-][info][application] $_GET = []

$_POST = []

$_FILES = []

$_COOKIE = [
    'advanced-frontend' => 'lkivam5ljjgf1jpvch8vd6otjbk856jl'
    '_csrf-frontend' => '376d335509183174101254955f9869783af9b64422f2795d4fa8036e4fc1621fa:2:{i:0;s:14:\"_csrf-frontend\";i:1;s:32:\"U21ELWRfdGhY66At47xp1F0N-3CUkKeT\";}'
]

$_SESSION = [
    '__flash' => []
]

$_SERVER = [
    'REDIRECT_STATUS' => '200'
    'HTTP_HOST' => 'restapi'
    'HTTP_CONNECTION' => 'keep-alive'
    'HTTP_CACHE_CONTROL' => 'max-age=0'
    'HTTP_UPGRADE_INSECURE_REQUESTS' => '1'
    'HTTP_USER_AGENT' => 'Mozilla/5.0 (Windows NT 10.0; Win64; x64) AppleWebKit/537.36 (KHTML, like Gecko) Chrome/89.0.4389.128 Safari/537.36'
    'HTTP_ACCEPT' => 'text/html,application/xhtml+xml,application/xml;q=0.9,image/avif,image/webp,image/apng,*/*;q=0.8,application/signed-exchange;v=b3;q=0.9'
    'HTTP_ACCEPT_ENCODING' => 'gzip, deflate'
    'HTTP_ACCEPT_LANGUAGE' => 'ru-RU,ru;q=0.9,en-US;q=0.8,en;q=0.7'
    'HTTP_COOKIE' => 'advanced-frontend=lkivam5ljjgf1jpvch8vd6otjbk856jl; _csrf-frontend=376d335509183174101254955f9869783af9b64422f2795d4fa8036e4fc1621fa%3A2%3A%7Bi%3A0%3Bs%3A14%3A%22_csrf-frontend%22%3Bi%3A1%3Bs%3A32%3A%22U21ELWRfdGhY66At47xp1F0N-3CUkKeT%22%3B%7D'
    'PATH' => 'c:\\users\\admin\\desktop\\openserver\\modules\\php\\PHP_7.3\\ext;c:\\users\\admin\\desktop\\openserver\\modules\\php\\PHP_7.3\\pear;c:\\users\\admin\\desktop\\openserver\\modules\\php\\PHP_7.3\\pear\\bin;c:\\users\\admin\\desktop\\openserver\\modules\\php\\PHP_7.3;c:\\users\\admin\\desktop\\openserver\\modules\\wget\\bin;c:\\users\\admin\\desktop\\openserver\\modules\\database\\MySQL-8.0\\bin;c:\\users\\admin\\desktop\\openserver\\modules\\database\\PostgreSQL-12.2\\bin;c:\\users\\admin\\desktop\\openserver\\modules\\database\\PostgreSQL-12.2\\lib;c:\\users\\admin\\desktop\\openserver\\modules\\http\\Apache_2.4-PHP_7.2-7.4\\bin;c:\\users\\admin\\desktop\\openserver\\modules\\http\\Apache_2.4-PHP_7.2-7.4;C:\\Windows\\system32;C:\\Windows;C:\\Windows\\system32\\Wbem;C:\\Windows\\SysWOW64;C:\\Windows\\system32;C:\\Windows;C:\\Windows\\System32\\Wbem;C:\\Windows\\System32\\WindowsPowerShell\\v1.0\\;C:\\Windows\\System32\\OpenSSH\\;C:\\Program Files (x86)\\HP\\Common\\HPDestPlgIn\\;C:\\Program Files (x86)\\HP\\IdrsOCR_15.3.1129.0\\;C:\\Program Files\\PuTTY\\;C:\\Program Files (x86)\\Microsoft SQL Server\\150\\DTS\\Binn\\;C:\\Program Files\\Azure Data Studio\\bin;C:\\Program Files\\Git\\cmd;C:\\Users\\admin\\AppData\\Local\\Microsoft\\WindowsApps;C:\\Users\\admin\\AppData\\Local\\Programs\\Microsoft VS Code\\bin'
    'SystemRoot' => 'C:\\Windows'
    'COMSPEC' => 'C:\\Windows\\system32\\cmd.exe'
    'PATHEXT' => '.COM;.EXE;.BAT;.CMD;.VBS;.VBE;.JS;.JSE;.WSF;.WSH;.MSC'
    'WINDIR' => 'C:\\Windows'
    'SERVER_SIGNATURE' => ''
    'SERVER_SOFTWARE' => 'Apache'
    'SERVER_NAME' => 'restapi'
    'SERVER_ADDR' => '127.0.0.1'
    'SERVER_PORT' => '80'
    'REMOTE_ADDR' => '127.0.0.1'
    'DOCUMENT_ROOT' => 'C:/Users/admin/Desktop/OpenServer/domains/restapi'
    'REQUEST_SCHEME' => 'http'
    'CONTEXT_PREFIX' => ''
    'CONTEXT_DOCUMENT_ROOT' => 'C:/Users/admin/Desktop/OpenServer/domains/restapi'
    'SERVER_ADMIN' => '[no address given]'
    'SCRIPT_FILENAME' => 'C:/Users/admin/Desktop/OpenServer/domains/restapi/frontend/web/index.php'
    'REMOTE_PORT' => '51293'
    'REDIRECT_URL' => '/'
    'GATEWAY_INTERFACE' => 'CGI/1.1'
    'SERVER_PROTOCOL' => 'HTTP/1.1'
    'REQUEST_METHOD' => 'GET'
    'QUERY_STRING' => ''
    'REQUEST_URI' => '/'
    'SCRIPT_NAME' => '/frontend/web/index.php'
    'PHP_SELF' => '/frontend/web/index.php'
    'REQUEST_TIME_FLOAT' => 1619621332.0628
    'REQUEST_TIME' => 1619621332
    'argv' => []
    'argc' => 0
]
2021-04-28 17:48:59 [127.0.0.1][-][-][error][yii\web\HttpException:404] yii\base\InvalidRouteException: Unable to resolve the request "requests". in C:\Users\admin\Desktop\OpenServer\domains\restapi\vendor\yiisoft\yii2\base\Module.php:543
Stack trace:
#0 C:\Users\admin\Desktop\OpenServer\domains\restapi\vendor\yiisoft\yii2\web\Application.php(104): yii\base\Module->runAction('requests', Array)
#1 C:\Users\admin\Desktop\OpenServer\domains\restapi\vendor\yiisoft\yii2\base\Application.php(392): yii\web\Application->handleRequest(Object(yii\web\Request))
#2 C:\Users\admin\Desktop\OpenServer\domains\restapi\frontend\web\index.php(17): yii\base\Application->run()
#3 {main}

Next yii\web\NotFoundHttpException: Page not found. in C:\Users\admin\Desktop\OpenServer\domains\restapi\vendor\yiisoft\yii2\web\Application.php:116
Stack trace:
#0 C:\Users\admin\Desktop\OpenServer\domains\restapi\vendor\yiisoft\yii2\base\Application.php(392): yii\web\Application->handleRequest(Object(yii\web\Request))
#1 C:\Users\admin\Desktop\OpenServer\domains\restapi\frontend\web\index.php(17): yii\base\Application->run()
#2 {main}
2021-04-28 17:48:59 [127.0.0.1][-][-][info][application] $_GET = []

$_POST = []

$_FILES = []

$_COOKIE = [
    'advanced-frontend' => 'lkivam5ljjgf1jpvch8vd6otjbk856jl'
    '_csrf-frontend' => '376d335509183174101254955f9869783af9b64422f2795d4fa8036e4fc1621fa:2:{i:0;s:14:\"_csrf-frontend\";i:1;s:32:\"U21ELWRfdGhY66At47xp1F0N-3CUkKeT\";}'
]

$_SESSION = [
    '__flash' => []
]

$_SERVER = [
    'REDIRECT_STATUS' => '200'
    'HTTP_HOST' => 'restapi'
    'HTTP_CONNECTION' => 'keep-alive'
    'HTTP_CACHE_CONTROL' => 'max-age=0'
    'HTTP_UPGRADE_INSECURE_REQUESTS' => '1'
    'HTTP_USER_AGENT' => 'Mozilla/5.0 (Windows NT 10.0; Win64; x64) AppleWebKit/537.36 (KHTML, like Gecko) Chrome/89.0.4389.128 Safari/537.36'
    'HTTP_ACCEPT' => 'text/html,application/xhtml+xml,application/xml;q=0.9,image/avif,image/webp,image/apng,*/*;q=0.8,application/signed-exchange;v=b3;q=0.9'
    'HTTP_ACCEPT_ENCODING' => 'gzip, deflate'
    'HTTP_ACCEPT_LANGUAGE' => 'ru-RU,ru;q=0.9,en-US;q=0.8,en;q=0.7'
    'HTTP_COOKIE' => 'advanced-frontend=lkivam5ljjgf1jpvch8vd6otjbk856jl; _csrf-frontend=376d335509183174101254955f9869783af9b64422f2795d4fa8036e4fc1621fa%3A2%3A%7Bi%3A0%3Bs%3A14%3A%22_csrf-frontend%22%3Bi%3A1%3Bs%3A32%3A%22U21ELWRfdGhY66At47xp1F0N-3CUkKeT%22%3B%7D'
    'PATH' => 'c:\\users\\admin\\desktop\\openserver\\modules\\php\\PHP_7.3\\ext;c:\\users\\admin\\desktop\\openserver\\modules\\php\\PHP_7.3\\pear;c:\\users\\admin\\desktop\\openserver\\modules\\php\\PHP_7.3\\pear\\bin;c:\\users\\admin\\desktop\\openserver\\modules\\php\\PHP_7.3;c:\\users\\admin\\desktop\\openserver\\modules\\wget\\bin;c:\\users\\admin\\desktop\\openserver\\modules\\database\\MySQL-8.0\\bin;c:\\users\\admin\\desktop\\openserver\\modules\\database\\PostgreSQL-12.2\\bin;c:\\users\\admin\\desktop\\openserver\\modules\\database\\PostgreSQL-12.2\\lib;c:\\users\\admin\\desktop\\openserver\\modules\\http\\Apache_2.4-PHP_7.2-7.4\\bin;c:\\users\\admin\\desktop\\openserver\\modules\\http\\Apache_2.4-PHP_7.2-7.4;C:\\Windows\\system32;C:\\Windows;C:\\Windows\\system32\\Wbem;C:\\Windows\\SysWOW64;C:\\Windows\\system32;C:\\Windows;C:\\Windows\\System32\\Wbem;C:\\Windows\\System32\\WindowsPowerShell\\v1.0\\;C:\\Windows\\System32\\OpenSSH\\;C:\\Program Files (x86)\\HP\\Common\\HPDestPlgIn\\;C:\\Program Files (x86)\\HP\\IdrsOCR_15.3.1129.0\\;C:\\Program Files\\PuTTY\\;C:\\Program Files (x86)\\Microsoft SQL Server\\150\\DTS\\Binn\\;C:\\Program Files\\Azure Data Studio\\bin;C:\\Program Files\\Git\\cmd;C:\\Users\\admin\\AppData\\Local\\Microsoft\\WindowsApps;C:\\Users\\admin\\AppData\\Local\\Programs\\Microsoft VS Code\\bin'
    'SystemRoot' => 'C:\\Windows'
    'COMSPEC' => 'C:\\Windows\\system32\\cmd.exe'
    'PATHEXT' => '.COM;.EXE;.BAT;.CMD;.VBS;.VBE;.JS;.JSE;.WSF;.WSH;.MSC'
    'WINDIR' => 'C:\\Windows'
    'SERVER_SIGNATURE' => ''
    'SERVER_SOFTWARE' => 'Apache'
    'SERVER_NAME' => 'restapi'
    'SERVER_ADDR' => '127.0.0.1'
    'SERVER_PORT' => '80'
    'REMOTE_ADDR' => '127.0.0.1'
    'DOCUMENT_ROOT' => 'C:/Users/admin/Desktop/OpenServer/domains/restapi'
    'REQUEST_SCHEME' => 'http'
    'CONTEXT_PREFIX' => ''
    'CONTEXT_DOCUMENT_ROOT' => 'C:/Users/admin/Desktop/OpenServer/domains/restapi'
    'SERVER_ADMIN' => '[no address given]'
    'SCRIPT_FILENAME' => 'C:/Users/admin/Desktop/OpenServer/domains/restapi/frontend/web/index.php'
    'REMOTE_PORT' => '51294'
    'REDIRECT_URL' => '/'
    'GATEWAY_INTERFACE' => 'CGI/1.1'
    'SERVER_PROTOCOL' => 'HTTP/1.1'
    'REQUEST_METHOD' => 'GET'
    'QUERY_STRING' => ''
    'REQUEST_URI' => '/'
    'SCRIPT_NAME' => '/frontend/web/index.php'
    'PHP_SELF' => '/frontend/web/index.php'
    'REQUEST_TIME_FLOAT' => 1619621339.7698
    'REQUEST_TIME' => 1619621339
    'argv' => []
    'argc' => 0
]
2021-04-28 17:49:00 [127.0.0.1][-][-][error][yii\web\HttpException:404] yii\base\InvalidRouteException: Unable to resolve the request "requests". in C:\Users\admin\Desktop\OpenServer\domains\restapi\vendor\yiisoft\yii2\base\Module.php:543
Stack trace:
#0 C:\Users\admin\Desktop\OpenServer\domains\restapi\vendor\yiisoft\yii2\web\Application.php(104): yii\base\Module->runAction('requests', Array)
#1 C:\Users\admin\Desktop\OpenServer\domains\restapi\vendor\yiisoft\yii2\base\Application.php(392): yii\web\Application->handleRequest(Object(yii\web\Request))
#2 C:\Users\admin\Desktop\OpenServer\domains\restapi\frontend\web\index.php(17): yii\base\Application->run()
#3 {main}

Next yii\web\NotFoundHttpException: Page not found. in C:\Users\admin\Desktop\OpenServer\domains\restapi\vendor\yiisoft\yii2\web\Application.php:116
Stack trace:
#0 C:\Users\admin\Desktop\OpenServer\domains\restapi\vendor\yiisoft\yii2\base\Application.php(392): yii\web\Application->handleRequest(Object(yii\web\Request))
#1 C:\Users\admin\Desktop\OpenServer\domains\restapi\frontend\web\index.php(17): yii\base\Application->run()
#2 {main}
2021-04-28 17:49:00 [127.0.0.1][-][-][info][application] $_GET = []

$_POST = []

$_FILES = []

$_COOKIE = [
    'advanced-frontend' => 'lkivam5ljjgf1jpvch8vd6otjbk856jl'
    '_csrf-frontend' => '376d335509183174101254955f9869783af9b64422f2795d4fa8036e4fc1621fa:2:{i:0;s:14:\"_csrf-frontend\";i:1;s:32:\"U21ELWRfdGhY66At47xp1F0N-3CUkKeT\";}'
]

$_SESSION = [
    '__flash' => []
]

$_SERVER = [
    'REDIRECT_STATUS' => '200'
    'HTTP_HOST' => 'restapi'
    'HTTP_CONNECTION' => 'keep-alive'
    'HTTP_CACHE_CONTROL' => 'max-age=0'
    'HTTP_UPGRADE_INSECURE_REQUESTS' => '1'
    'HTTP_USER_AGENT' => 'Mozilla/5.0 (Windows NT 10.0; Win64; x64) AppleWebKit/537.36 (KHTML, like Gecko) Chrome/89.0.4389.128 Safari/537.36'
    'HTTP_ACCEPT' => 'text/html,application/xhtml+xml,application/xml;q=0.9,image/avif,image/webp,image/apng,*/*;q=0.8,application/signed-exchange;v=b3;q=0.9'
    'HTTP_ACCEPT_ENCODING' => 'gzip, deflate'
    'HTTP_ACCEPT_LANGUAGE' => 'ru-RU,ru;q=0.9,en-US;q=0.8,en;q=0.7'
    'HTTP_COOKIE' => 'advanced-frontend=lkivam5ljjgf1jpvch8vd6otjbk856jl; _csrf-frontend=376d335509183174101254955f9869783af9b64422f2795d4fa8036e4fc1621fa%3A2%3A%7Bi%3A0%3Bs%3A14%3A%22_csrf-frontend%22%3Bi%3A1%3Bs%3A32%3A%22U21ELWRfdGhY66At47xp1F0N-3CUkKeT%22%3B%7D'
    'PATH' => 'c:\\users\\admin\\desktop\\openserver\\modules\\php\\PHP_7.3\\ext;c:\\users\\admin\\desktop\\openserver\\modules\\php\\PHP_7.3\\pear;c:\\users\\admin\\desktop\\openserver\\modules\\php\\PHP_7.3\\pear\\bin;c:\\users\\admin\\desktop\\openserver\\modules\\php\\PHP_7.3;c:\\users\\admin\\desktop\\openserver\\modules\\wget\\bin;c:\\users\\admin\\desktop\\openserver\\modules\\database\\MySQL-8.0\\bin;c:\\users\\admin\\desktop\\openserver\\modules\\database\\PostgreSQL-12.2\\bin;c:\\users\\admin\\desktop\\openserver\\modules\\database\\PostgreSQL-12.2\\lib;c:\\users\\admin\\desktop\\openserver\\modules\\http\\Apache_2.4-PHP_7.2-7.4\\bin;c:\\users\\admin\\desktop\\openserver\\modules\\http\\Apache_2.4-PHP_7.2-7.4;C:\\Windows\\system32;C:\\Windows;C:\\Windows\\system32\\Wbem;C:\\Windows\\SysWOW64;C:\\Windows\\system32;C:\\Windows;C:\\Windows\\System32\\Wbem;C:\\Windows\\System32\\WindowsPowerShell\\v1.0\\;C:\\Windows\\System32\\OpenSSH\\;C:\\Program Files (x86)\\HP\\Common\\HPDestPlgIn\\;C:\\Program Files (x86)\\HP\\IdrsOCR_15.3.1129.0\\;C:\\Program Files\\PuTTY\\;C:\\Program Files (x86)\\Microsoft SQL Server\\150\\DTS\\Binn\\;C:\\Program Files\\Azure Data Studio\\bin;C:\\Program Files\\Git\\cmd;C:\\Users\\admin\\AppData\\Local\\Microsoft\\WindowsApps;C:\\Users\\admin\\AppData\\Local\\Programs\\Microsoft VS Code\\bin'
    'SystemRoot' => 'C:\\Windows'
    'COMSPEC' => 'C:\\Windows\\system32\\cmd.exe'
    'PATHEXT' => '.COM;.EXE;.BAT;.CMD;.VBS;.VBE;.JS;.JSE;.WSF;.WSH;.MSC'
    'WINDIR' => 'C:\\Windows'
    'SERVER_SIGNATURE' => ''
    'SERVER_SOFTWARE' => 'Apache'
    'SERVER_NAME' => 'restapi'
    'SERVER_ADDR' => '127.0.0.1'
    'SERVER_PORT' => '80'
    'REMOTE_ADDR' => '127.0.0.1'
    'DOCUMENT_ROOT' => 'C:/Users/admin/Desktop/OpenServer/domains/restapi'
    'REQUEST_SCHEME' => 'http'
    'CONTEXT_PREFIX' => ''
    'CONTEXT_DOCUMENT_ROOT' => 'C:/Users/admin/Desktop/OpenServer/domains/restapi'
    'SERVER_ADMIN' => '[no address given]'
    'SCRIPT_FILENAME' => 'C:/Users/admin/Desktop/OpenServer/domains/restapi/frontend/web/index.php'
    'REMOTE_PORT' => '51295'
    'REDIRECT_URL' => '/'
    'GATEWAY_INTERFACE' => 'CGI/1.1'
    'SERVER_PROTOCOL' => 'HTTP/1.1'
    'REQUEST_METHOD' => 'GET'
    'QUERY_STRING' => ''
    'REQUEST_URI' => '/'
    'SCRIPT_NAME' => '/frontend/web/index.php'
    'PHP_SELF' => '/frontend/web/index.php'
    'REQUEST_TIME_FLOAT' => 1619621340.4237
    'REQUEST_TIME' => 1619621340
    'argv' => []
    'argc' => 0
]
2021-04-28 17:49:35 [127.0.0.1][-][-][error][yii\web\HttpException:404] yii\base\InvalidRouteException: Unable to resolve the request "requests". in C:\Users\admin\Desktop\OpenServer\domains\restapi\vendor\yiisoft\yii2\base\Module.php:543
Stack trace:
#0 C:\Users\admin\Desktop\OpenServer\domains\restapi\vendor\yiisoft\yii2\web\Application.php(104): yii\base\Module->runAction('requests', Array)
#1 C:\Users\admin\Desktop\OpenServer\domains\restapi\vendor\yiisoft\yii2\base\Application.php(392): yii\web\Application->handleRequest(Object(yii\web\Request))
#2 C:\Users\admin\Desktop\OpenServer\domains\restapi\frontend\web\index.php(17): yii\base\Application->run()
#3 {main}

Next yii\web\NotFoundHttpException: Page not found. in C:\Users\admin\Desktop\OpenServer\domains\restapi\vendor\yiisoft\yii2\web\Application.php:116
Stack trace:
#0 C:\Users\admin\Desktop\OpenServer\domains\restapi\vendor\yiisoft\yii2\base\Application.php(392): yii\web\Application->handleRequest(Object(yii\web\Request))
#1 C:\Users\admin\Desktop\OpenServer\domains\restapi\frontend\web\index.php(17): yii\base\Application->run()
#2 {main}
2021-04-28 17:49:35 [127.0.0.1][-][-][info][application] $_GET = []

$_POST = []

$_FILES = []

$_COOKIE = [
    'advanced-frontend' => 'lkivam5ljjgf1jpvch8vd6otjbk856jl'
    '_csrf-frontend' => '376d335509183174101254955f9869783af9b64422f2795d4fa8036e4fc1621fa:2:{i:0;s:14:\"_csrf-frontend\";i:1;s:32:\"U21ELWRfdGhY66At47xp1F0N-3CUkKeT\";}'
]

$_SESSION = [
    '__flash' => []
]

$_SERVER = [
    'REDIRECT_STATUS' => '200'
    'HTTP_HOST' => 'restapi'
    'HTTP_CONNECTION' => 'keep-alive'
    'HTTP_CACHE_CONTROL' => 'max-age=0'
    'HTTP_UPGRADE_INSECURE_REQUESTS' => '1'
    'HTTP_USER_AGENT' => 'Mozilla/5.0 (Windows NT 10.0; Win64; x64) AppleWebKit/537.36 (KHTML, like Gecko) Chrome/89.0.4389.128 Safari/537.36'
    'HTTP_ACCEPT' => 'text/html,application/xhtml+xml,application/xml;q=0.9,image/avif,image/webp,image/apng,*/*;q=0.8,application/signed-exchange;v=b3;q=0.9'
    'HTTP_ACCEPT_ENCODING' => 'gzip, deflate'
    'HTTP_ACCEPT_LANGUAGE' => 'ru-RU,ru;q=0.9,en-US;q=0.8,en;q=0.7'
    'HTTP_COOKIE' => 'advanced-frontend=lkivam5ljjgf1jpvch8vd6otjbk856jl; _csrf-frontend=376d335509183174101254955f9869783af9b64422f2795d4fa8036e4fc1621fa%3A2%3A%7Bi%3A0%3Bs%3A14%3A%22_csrf-frontend%22%3Bi%3A1%3Bs%3A32%3A%22U21ELWRfdGhY66At47xp1F0N-3CUkKeT%22%3B%7D'
    'PATH' => 'c:\\users\\admin\\desktop\\openserver\\modules\\php\\PHP_7.3\\ext;c:\\users\\admin\\desktop\\openserver\\modules\\php\\PHP_7.3\\pear;c:\\users\\admin\\desktop\\openserver\\modules\\php\\PHP_7.3\\pear\\bin;c:\\users\\admin\\desktop\\openserver\\modules\\php\\PHP_7.3;c:\\users\\admin\\desktop\\openserver\\modules\\wget\\bin;c:\\users\\admin\\desktop\\openserver\\modules\\database\\MySQL-8.0\\bin;c:\\users\\admin\\desktop\\openserver\\modules\\database\\PostgreSQL-12.2\\bin;c:\\users\\admin\\desktop\\openserver\\modules\\database\\PostgreSQL-12.2\\lib;c:\\users\\admin\\desktop\\openserver\\modules\\http\\Apache_2.4-PHP_7.2-7.4\\bin;c:\\users\\admin\\desktop\\openserver\\modules\\http\\Apache_2.4-PHP_7.2-7.4;C:\\Windows\\system32;C:\\Windows;C:\\Windows\\system32\\Wbem;C:\\Windows\\SysWOW64;C:\\Windows\\system32;C:\\Windows;C:\\Windows\\System32\\Wbem;C:\\Windows\\System32\\WindowsPowerShell\\v1.0\\;C:\\Windows\\System32\\OpenSSH\\;C:\\Program Files (x86)\\HP\\Common\\HPDestPlgIn\\;C:\\Program Files (x86)\\HP\\IdrsOCR_15.3.1129.0\\;C:\\Program Files\\PuTTY\\;C:\\Program Files (x86)\\Microsoft SQL Server\\150\\DTS\\Binn\\;C:\\Program Files\\Azure Data Studio\\bin;C:\\Program Files\\Git\\cmd;C:\\Users\\admin\\AppData\\Local\\Microsoft\\WindowsApps;C:\\Users\\admin\\AppData\\Local\\Programs\\Microsoft VS Code\\bin'
    'SystemRoot' => 'C:\\Windows'
    'COMSPEC' => 'C:\\Windows\\system32\\cmd.exe'
    'PATHEXT' => '.COM;.EXE;.BAT;.CMD;.VBS;.VBE;.JS;.JSE;.WSF;.WSH;.MSC'
    'WINDIR' => 'C:\\Windows'
    'SERVER_SIGNATURE' => ''
    'SERVER_SOFTWARE' => 'Apache'
    'SERVER_NAME' => 'restapi'
    'SERVER_ADDR' => '127.0.0.1'
    'SERVER_PORT' => '80'
    'REMOTE_ADDR' => '127.0.0.1'
    'DOCUMENT_ROOT' => 'C:/Users/admin/Desktop/OpenServer/domains/restapi'
    'REQUEST_SCHEME' => 'http'
    'CONTEXT_PREFIX' => ''
    'CONTEXT_DOCUMENT_ROOT' => 'C:/Users/admin/Desktop/OpenServer/domains/restapi'
    'SERVER_ADMIN' => '[no address given]'
    'SCRIPT_FILENAME' => 'C:/Users/admin/Desktop/OpenServer/domains/restapi/frontend/web/index.php'
    'REMOTE_PORT' => '51298'
    'REDIRECT_URL' => '/'
    'GATEWAY_INTERFACE' => 'CGI/1.1'
    'SERVER_PROTOCOL' => 'HTTP/1.1'
    'REQUEST_METHOD' => 'GET'
    'QUERY_STRING' => ''
    'REQUEST_URI' => '/'
    'SCRIPT_NAME' => '/frontend/web/index.php'
    'PHP_SELF' => '/frontend/web/index.php'
    'REQUEST_TIME_FLOAT' => 1619621375.1093
    'REQUEST_TIME' => 1619621375
    'argv' => []
    'argc' => 0
]
2021-04-28 17:50:41 [127.0.0.1][-][-][error][yii\web\HttpException:404] yii\web\NotFoundHttpException: Page not found. in C:\Users\admin\Desktop\OpenServer\domains\restapi\vendor\yiisoft\yii2\web\Request.php:293
Stack trace:
#0 C:\Users\admin\Desktop\OpenServer\domains\restapi\vendor\yiisoft\yii2\web\Application.php(83): yii\web\Request->resolve()
#1 C:\Users\admin\Desktop\OpenServer\domains\restapi\vendor\yiisoft\yii2\base\Application.php(392): yii\web\Application->handleRequest(Object(yii\web\Request))
#2 C:\Users\admin\Desktop\OpenServer\domains\restapi\frontend\web\index.php(17): yii\base\Application->run()
#3 {main}
2021-04-28 17:50:41 [127.0.0.1][-][-][info][application] $_GET = []

$_POST = []

$_FILES = []

$_COOKIE = [
    'advanced-frontend' => 'lkivam5ljjgf1jpvch8vd6otjbk856jl'
    '_csrf-frontend' => '376d335509183174101254955f9869783af9b64422f2795d4fa8036e4fc1621fa:2:{i:0;s:14:\"_csrf-frontend\";i:1;s:32:\"U21ELWRfdGhY66At47xp1F0N-3CUkKeT\";}'
]

$_SESSION = [
    '__flash' => []
]

$_SERVER = [
    'REDIRECT_STATUS' => '200'
    'HTTP_HOST' => 'restapi'
    'HTTP_CONNECTION' => 'keep-alive'
    'HTTP_CACHE_CONTROL' => 'max-age=0'
    'HTTP_UPGRADE_INSECURE_REQUESTS' => '1'
    'HTTP_USER_AGENT' => 'Mozilla/5.0 (Windows NT 10.0; Win64; x64) AppleWebKit/537.36 (KHTML, like Gecko) Chrome/89.0.4389.128 Safari/537.36'
    'HTTP_ACCEPT' => 'text/html,application/xhtml+xml,application/xml;q=0.9,image/avif,image/webp,image/apng,*/*;q=0.8,application/signed-exchange;v=b3;q=0.9'
    'HTTP_ACCEPT_ENCODING' => 'gzip, deflate'
    'HTTP_ACCEPT_LANGUAGE' => 'ru-RU,ru;q=0.9,en-US;q=0.8,en;q=0.7'
    'HTTP_COOKIE' => 'advanced-frontend=lkivam5ljjgf1jpvch8vd6otjbk856jl; _csrf-frontend=376d335509183174101254955f9869783af9b64422f2795d4fa8036e4fc1621fa%3A2%3A%7Bi%3A0%3Bs%3A14%3A%22_csrf-frontend%22%3Bi%3A1%3Bs%3A32%3A%22U21ELWRfdGhY66At47xp1F0N-3CUkKeT%22%3B%7D'
    'PATH' => 'c:\\users\\admin\\desktop\\openserver\\modules\\php\\PHP_7.3\\ext;c:\\users\\admin\\desktop\\openserver\\modules\\php\\PHP_7.3\\pear;c:\\users\\admin\\desktop\\openserver\\modules\\php\\PHP_7.3\\pear\\bin;c:\\users\\admin\\desktop\\openserver\\modules\\php\\PHP_7.3;c:\\users\\admin\\desktop\\openserver\\modules\\wget\\bin;c:\\users\\admin\\desktop\\openserver\\modules\\database\\MySQL-8.0\\bin;c:\\users\\admin\\desktop\\openserver\\modules\\database\\PostgreSQL-12.2\\bin;c:\\users\\admin\\desktop\\openserver\\modules\\database\\PostgreSQL-12.2\\lib;c:\\users\\admin\\desktop\\openserver\\modules\\http\\Apache_2.4-PHP_7.2-7.4\\bin;c:\\users\\admin\\desktop\\openserver\\modules\\http\\Apache_2.4-PHP_7.2-7.4;C:\\Windows\\system32;C:\\Windows;C:\\Windows\\system32\\Wbem;C:\\Windows\\SysWOW64;C:\\Windows\\system32;C:\\Windows;C:\\Windows\\System32\\Wbem;C:\\Windows\\System32\\WindowsPowerShell\\v1.0\\;C:\\Windows\\System32\\OpenSSH\\;C:\\Program Files (x86)\\HP\\Common\\HPDestPlgIn\\;C:\\Program Files (x86)\\HP\\IdrsOCR_15.3.1129.0\\;C:\\Program Files\\PuTTY\\;C:\\Program Files (x86)\\Microsoft SQL Server\\150\\DTS\\Binn\\;C:\\Program Files\\Azure Data Studio\\bin;C:\\Program Files\\Git\\cmd;C:\\Users\\admin\\AppData\\Local\\Microsoft\\WindowsApps;C:\\Users\\admin\\AppData\\Local\\Programs\\Microsoft VS Code\\bin'
    'SystemRoot' => 'C:\\Windows'
    'COMSPEC' => 'C:\\Windows\\system32\\cmd.exe'
    'PATHEXT' => '.COM;.EXE;.BAT;.CMD;.VBS;.VBE;.JS;.JSE;.WSF;.WSH;.MSC'
    'WINDIR' => 'C:\\Windows'
    'SERVER_SIGNATURE' => ''
    'SERVER_SOFTWARE' => 'Apache'
    'SERVER_NAME' => 'restapi'
    'SERVER_ADDR' => '127.0.0.1'
    'SERVER_PORT' => '80'
    'REMOTE_ADDR' => '127.0.0.1'
    'DOCUMENT_ROOT' => 'C:/Users/admin/Desktop/OpenServer/domains/restapi'
    'REQUEST_SCHEME' => 'http'
    'CONTEXT_PREFIX' => ''
    'CONTEXT_DOCUMENT_ROOT' => 'C:/Users/admin/Desktop/OpenServer/domains/restapi'
    'SERVER_ADMIN' => '[no address given]'
    'SCRIPT_FILENAME' => 'C:/Users/admin/Desktop/OpenServer/domains/restapi/frontend/web/index.php'
    'REMOTE_PORT' => '51405'
    'REDIRECT_URL' => '/'
    'GATEWAY_INTERFACE' => 'CGI/1.1'
    'SERVER_PROTOCOL' => 'HTTP/1.1'
    'REQUEST_METHOD' => 'GET'
    'QUERY_STRING' => ''
    'REQUEST_URI' => '/'
    'SCRIPT_NAME' => '/frontend/web/index.php'
    'PHP_SELF' => '/frontend/web/index.php'
    'REQUEST_TIME_FLOAT' => 1619621441.6866
    'REQUEST_TIME' => 1619621441
    'argv' => []
    'argc' => 0
]
